22-Sep-2017 23:40:16.250 INFO [main] org.apache.catalina.startup.VersionLoggerListener.log Server version:        Apache Tomcat/9.0.0.M26
22-Sep-2017 23:40:16.286 INFO [main] org.apache.catalina.startup.VersionLoggerListener.log Server built:          Aug 2 2017 20:29:05 UTC
22-Sep-2017 23:40:16.287 INFO [main] org.apache.catalina.startup.VersionLoggerListener.log Server number:         9.0.0.0
22-Sep-2017 23:40:16.287 INFO [main] org.apache.catalina.startup.VersionLoggerListener.log OS Name:               Windows 7
22-Sep-2017 23:40:16.287 INFO [main] org.apache.catalina.startup.VersionLoggerListener.log OS Version:            6.1
22-Sep-2017 23:40:16.288 INFO [main] org.apache.catalina.startup.VersionLoggerListener.log Architecture:          amd64
22-Sep-2017 23:40:16.288 INFO [main] org.apache.catalina.startup.VersionLoggerListener.log Java Home:             C:\Program Files\Java\jdk1.8.0_144\jre
22-Sep-2017 23:40:16.289 INFO [main] org.apache.catalina.startup.VersionLoggerListener.log JVM Version:           1.8.0_144-b01
22-Sep-2017 23:40:16.291 INFO [main] org.apache.catalina.startup.VersionLoggerListener.log JVM Vendor:            Oracle Corporation
22-Sep-2017 23:40:16.292 INFO [main] org.apache.catalina.startup.VersionLoggerListener.log CATALINA_BASE:         C:\Users\Admin\Desktop\MyJavaSite\apache-tomcat-9.0.0.M26
22-Sep-2017 23:40:16.292 INFO [main] org.apache.catalina.startup.VersionLoggerListener.log CATALINA_HOME:         C:\Users\Admin\Desktop\MyJavaSite\apache-tomcat-9.0.0.M26
22-Sep-2017 23:40:16.295 INFO [main] org.apache.catalina.startup.VersionLoggerListener.log Command line argument: -Djava.util.logging.config.file=C:\Users\Admin\Desktop\MyJavaSite\apache-tomcat-9.0.0.M26\conf\logging.properties
22-Sep-2017 23:40:16.299 INFO [main] org.apache.catalina.startup.VersionLoggerListener.log Command line argument: -Djava.util.logging.manager=org.apache.juli.ClassLoaderLogManager
22-Sep-2017 23:40:16.301 INFO [main] org.apache.catalina.startup.VersionLoggerListener.log Command line argument: -Djdk.tls.ephemeralDHKeySize=2048
22-Sep-2017 23:40:16.302 INFO [main] org.apache.catalina.startup.VersionLoggerListener.log Command line argument: -Djava.protocol.handler.pkgs=org.apache.catalina.webresources
22-Sep-2017 23:40:16.303 INFO [main] org.apache.catalina.startup.VersionLoggerListener.log Command line argument: -Dcatalina.base=C:\Users\Admin\Desktop\MyJavaSite\apache-tomcat-9.0.0.M26
22-Sep-2017 23:40:16.304 INFO [main] org.apache.catalina.startup.VersionLoggerListener.log Command line argument: -Dcatalina.home=C:\Users\Admin\Desktop\MyJavaSite\apache-tomcat-9.0.0.M26
22-Sep-2017 23:40:16.305 INFO [main] org.apache.catalina.startup.VersionLoggerListener.log Command line argument: -Djava.io.tmpdir=C:\Users\Admin\Desktop\MyJavaSite\apache-tomcat-9.0.0.M26\temp
22-Sep-2017 23:40:16.307 INFO [main] org.apache.catalina.core.AprLifecycleListener.lifecycleEvent The APR based Apache Tomcat Native library which allows optimal performance in production environments was not found on the java.library.path: [C:\Program Files\Java\jdk1.8.0_144\bin;C:\Windows\Sun\Java\bin;C:\Windows\system32;C:\Windows;C:\Windows\system32;C:\Windows;C:\Windows\System32\Wbem;C:\Windows\System32\WindowsPowerShell\v1.0\;C:\Program Files (x86)\Skype\Phone\;C:\Program Files\Git\cmd;C:\Program Files (x86)\Windows Kits\8.0\Windows Performance Toolkit\;C:\Program Files\Microsoft SQL Server\110\Tools\Binn\;C:\Program Files\Java\jdk1.8.0_144\bin;C:\Program Files (x86)\apache-maven-3.5.0\bin;C:\Program Files (x86)\Sudowin\Clients\Console;C:\Program Files\nodejs\;C:\Users\Admin\AppData\Roaming\npm;.]
22-Sep-2017 23:40:17.257 INFO [main] org.apache.coyote.AbstractProtocol.init Initializing ProtocolHandler ["http-nio-8080"]
22-Sep-2017 23:40:17.589 INFO [main] org.apache.tomcat.util.net.NioSelectorPool.getSharedSelector Using a shared selector for servlet write/read
22-Sep-2017 23:40:17.595 INFO [main] org.apache.coyote.AbstractProtocol.init Initializing ProtocolHandler ["ajp-nio-8009"]
22-Sep-2017 23:40:17.598 INFO [main] org.apache.tomcat.util.net.NioSelectorPool.getSharedSelector Using a shared selector for servlet write/read
22-Sep-2017 23:40:17.600 INFO [main] org.apache.catalina.startup.Catalina.load Initialization processed in 7877 ms
22-Sep-2017 23:40:17.753 INFO [main] org.apache.catalina.core.StandardService.startInternal Starting service [Catalina]
22-Sep-2017 23:40:17.754 INFO [main] org.apache.catalina.core.StandardEngine.startInternal Starting Servlet Engine: Apache Tomcat/9.0.0.M26
22-Sep-2017 23:40:17.794 INFO [main] org.apache.catalina.startup.HostConfig.deployDirectory Deploying web application directory [C:\Users\Admin\Desktop\MyJavaSite\apache-tomcat-9.0.0.M26\webapps\docs]
22-Sep-2017 23:40:19.400 INFO [main] org.apache.catalina.startup.HostConfig.deployDirectory Deployment of web application directory [C:\Users\Admin\Desktop\MyJavaSite\apache-tomcat-9.0.0.M26\webapps\docs] has finished in [1,605] ms
22-Sep-2017 23:40:19.402 INFO [main] org.apache.catalina.startup.HostConfig.deployDirectory Deploying web application directory [C:\Users\Admin\Desktop\MyJavaSite\apache-tomcat-9.0.0.M26\webapps\examples]
22-Sep-2017 23:40:22.667 INFO [main] org.apache.catalina.startup.HostConfig.deployDirectory Deployment of web application directory [C:\Users\Admin\Desktop\MyJavaSite\apache-tomcat-9.0.0.M26\webapps\examples] has finished in [3,264] ms
22-Sep-2017 23:40:22.670 INFO [main] org.apache.catalina.startup.HostConfig.deployDirectory Deploying web application directory [C:\Users\Admin\Desktop\MyJavaSite\apache-tomcat-9.0.0.M26\webapps\host-manager]
22-Sep-2017 23:40:22.826 INFO [main] org.apache.catalina.startup.HostConfig.deployDirectory Deployment of web application directory [C:\Users\Admin\Desktop\MyJavaSite\apache-tomcat-9.0.0.M26\webapps\host-manager] has finished in [155] ms
22-Sep-2017 23:40:22.827 INFO [main] org.apache.catalina.startup.HostConfig.deployDirectory Deploying web application directory [C:\Users\Admin\Desktop\MyJavaSite\apache-tomcat-9.0.0.M26\webapps\manager]
22-Sep-2017 23:40:22.955 INFO [main] org.apache.catalina.startup.HostConfig.deployDirectory Deployment of web application directory [C:\Users\Admin\Desktop\MyJavaSite\apache-tomcat-9.0.0.M26\webapps\manager] has finished in [127] ms
22-Sep-2017 23:40:22.958 INFO [main] org.apache.catalina.startup.HostConfig.deployDirectory Deploying web application directory [C:\Users\Admin\Desktop\MyJavaSite\apache-tomcat-9.0.0.M26\webapps\ROOT]
22-Sep-2017 23:40:23.025 INFO [main] org.apache.catalina.startup.HostConfig.deployDirectory Deployment of web application directory [C:\Users\Admin\Desktop\MyJavaSite\apache-tomcat-9.0.0.M26\webapps\ROOT] has finished in [67] ms
22-Sep-2017 23:40:23.032 INFO [main] org.apache.coyote.AbstractProtocol.start Starting ProtocolHandler ["http-nio-8080"]
22-Sep-2017 23:40:23.046 INFO [main] org.apache.coyote.AbstractProtocol.start Starting ProtocolHandler ["ajp-nio-8009"]
22-Sep-2017 23:40:23.054 INFO [main] org.apache.catalina.startup.Catalina.start Server startup in 5452 ms
22-Sep-2017 23:42:24.120 INFO [main] org.apache.catalina.startup.VersionLoggerListener.log Server version:        Apache Tomcat/9.0.0.M26
22-Sep-2017 23:42:24.125 INFO [main] org.apache.catalina.startup.VersionLoggerListener.log Server built:          Aug 2 2017 20:29:05 UTC
22-Sep-2017 23:42:24.126 INFO [main] org.apache.catalina.startup.VersionLoggerListener.log Server number:         9.0.0.0
22-Sep-2017 23:42:24.126 INFO [main] org.apache.catalina.startup.VersionLoggerListener.log OS Name:               Windows 7
22-Sep-2017 23:42:24.127 INFO [main] org.apache.catalina.startup.VersionLoggerListener.log OS Version:            6.1
22-Sep-2017 23:42:24.127 INFO [main] org.apache.catalina.startup.VersionLoggerListener.log Architecture:          amd64
22-Sep-2017 23:42:24.127 INFO [main] org.apache.catalina.startup.VersionLoggerListener.log Java Home:             C:\Program Files\Java\jdk1.8.0_144\jre
22-Sep-2017 23:42:24.128 INFO [main] org.apache.catalina.startup.VersionLoggerListener.log JVM Version:           1.8.0_144-b01
22-Sep-2017 23:42:24.134 INFO [main] org.apache.catalina.startup.VersionLoggerListener.log JVM Vendor:            Oracle Corporation
22-Sep-2017 23:42:24.135 INFO [main] org.apache.catalina.startup.VersionLoggerListener.log CATALINA_BASE:         C:\Users\Admin\Desktop\MyJavaSite\apache-tomcat-9.0.0.M26
22-Sep-2017 23:42:24.135 INFO [main] org.apache.catalina.startup.VersionLoggerListener.log CATALINA_HOME:         C:\Users\Admin\Desktop\MyJavaSite\apache-tomcat-9.0.0.M26
22-Sep-2017 23:42:24.137 INFO [main] org.apache.catalina.startup.VersionLoggerListener.log Command line argument: -Djava.util.logging.config.file=C:\Users\Admin\Desktop\MyJavaSite\apache-tomcat-9.0.0.M26\conf\logging.properties
22-Sep-2017 23:42:24.148 INFO [main] org.apache.catalina.startup.VersionLoggerListener.log Command line argument: -Djava.util.logging.manager=org.apache.juli.ClassLoaderLogManager
22-Sep-2017 23:42:24.149 INFO [main] org.apache.catalina.startup.VersionLoggerListener.log Command line argument: -Djdk.tls.ephemeralDHKeySize=2048
22-Sep-2017 23:42:24.150 INFO [main] org.apache.catalina.startup.VersionLoggerListener.log Command line argument: -Djava.protocol.handler.pkgs=org.apache.catalina.webresources
22-Sep-2017 23:42:24.151 INFO [main] org.apache.catalina.startup.VersionLoggerListener.log Command line argument: -Dcatalina.base=C:\Users\Admin\Desktop\MyJavaSite\apache-tomcat-9.0.0.M26
22-Sep-2017 23:42:24.152 INFO [main] org.apache.catalina.startup.VersionLoggerListener.log Command line argument: -Dcatalina.home=C:\Users\Admin\Desktop\MyJavaSite\apache-tomcat-9.0.0.M26
22-Sep-2017 23:42:24.153 INFO [main] org.apache.catalina.startup.VersionLoggerListener.log Command line argument: -Djava.io.tmpdir=C:\Users\Admin\Desktop\MyJavaSite\apache-tomcat-9.0.0.M26\temp
22-Sep-2017 23:42:24.153 INFO [main] org.apache.catalina.core.AprLifecycleListener.lifecycleEvent The APR based Apache Tomcat Native library which allows optimal performance in production environments was not found on the java.library.path: [C:\Program Files\Java\jdk1.8.0_144\bin;C:\Windows\Sun\Java\bin;C:\Windows\system32;C:\Windows;C:\Windows\system32;C:\Windows;C:\Windows\System32\Wbem;C:\Windows\System32\WindowsPowerShell\v1.0\;C:\Program Files (x86)\Skype\Phone\;C:\Program Files\Git\cmd;C:\Program Files (x86)\Windows Kits\8.0\Windows Performance Toolkit\;C:\Program Files\Microsoft SQL Server\110\Tools\Binn\;C:\Program Files\Java\jdk1.8.0_144\bin;C:\Program Files (x86)\apache-maven-3.5.0\bin;C:\Program Files (x86)\Sudowin\Clients\Console;C:\Program Files\nodejs\;C:\Users\Admin\AppData\Roaming\npm;.]
22-Sep-2017 23:42:24.782 INFO [main] org.apache.coyote.AbstractProtocol.init Initializing ProtocolHandler ["http-nio-8080"]
22-Sep-2017 23:42:24.951 INFO [main] org.apache.tomcat.util.net.NioSelectorPool.getSharedSelector Using a shared selector for servlet write/read
22-Sep-2017 23:42:24.955 INFO [main] org.apache.coyote.AbstractProtocol.init Initializing ProtocolHandler ["ajp-nio-8009"]
22-Sep-2017 23:42:24.958 INFO [main] org.apache.tomcat.util.net.NioSelectorPool.getSharedSelector Using a shared selector for servlet write/read
22-Sep-2017 23:42:24.959 INFO [main] org.apache.catalina.startup.Catalina.load Initialization processed in 2181 ms
22-Sep-2017 23:42:24.995 INFO [main] org.apache.catalina.core.StandardService.startInternal Starting service [Catalina]
22-Sep-2017 23:42:24.996 INFO [main] org.apache.catalina.core.StandardEngine.startInternal Starting Servlet Engine: Apache Tomcat/9.0.0.M26
22-Sep-2017 23:42:25.007 INFO [main] org.apache.catalina.startup.HostConfig.deployDirectory Deploying web application directory [C:\Users\Admin\Desktop\MyJavaSite\apache-tomcat-9.0.0.M26\webapps\docs]
22-Sep-2017 23:42:25.604 INFO [main] org.apache.catalina.startup.HostConfig.deployDirectory Deployment of web application directory [C:\Users\Admin\Desktop\MyJavaSite\apache-tomcat-9.0.0.M26\webapps\docs] has finished in [596] ms
22-Sep-2017 23:42:25.605 INFO [main] org.apache.catalina.startup.HostConfig.deployDirectory Deploying web application directory [C:\Users\Admin\Desktop\MyJavaSite\apache-tomcat-9.0.0.M26\webapps\examples]
22-Sep-2017 23:42:26.232 INFO [main] org.apache.catalina.startup.HostConfig.deployDirectory Deployment of web application directory [C:\Users\Admin\Desktop\MyJavaSite\apache-tomcat-9.0.0.M26\webapps\examples] has finished in [627] ms
22-Sep-2017 23:42:26.233 INFO [main] org.apache.catalina.startup.HostConfig.deployDirectory Deploying web application directory [C:\Users\Admin\Desktop\MyJavaSite\apache-tomcat-9.0.0.M26\webapps\host-manager]
22-Sep-2017 23:42:26.291 INFO [main] org.apache.catalina.startup.HostConfig.deployDirectory Deployment of web application directory [C:\Users\Admin\Desktop\MyJavaSite\apache-tomcat-9.0.0.M26\webapps\host-manager] has finished in [58] ms
22-Sep-2017 23:42:26.292 INFO [main] org.apache.catalina.startup.HostConfig.deployDirectory Deploying web application directory [C:\Users\Admin\Desktop\MyJavaSite\apache-tomcat-9.0.0.M26\webapps\manager]
22-Sep-2017 23:42:26.331 INFO [main] org.apache.catalina.startup.HostConfig.deployDirectory Deployment of web application directory [C:\Users\Admin\Desktop\MyJavaSite\apache-tomcat-9.0.0.M26\webapps\manager] has finished in [39] ms
22-Sep-2017 23:42:26.332 INFO [main] org.apache.catalina.startup.HostConfig.deployDirectory Deploying web application directory [C:\Users\Admin\Desktop\MyJavaSite\apache-tomcat-9.0.0.M26\webapps\ROOT]
22-Sep-2017 23:42:26.358 INFO [main] org.apache.catalina.startup.HostConfig.deployDirectory Deployment of web application directory [C:\Users\Admin\Desktop\MyJavaSite\apache-tomcat-9.0.0.M26\webapps\ROOT] has finished in [26] ms
22-Sep-2017 23:42:26.364 INFO [main] org.apache.coyote.AbstractProtocol.start Starting ProtocolHandler ["http-nio-8080"]
22-Sep-2017 23:42:26.379 INFO [main] org.apache.coyote.AbstractProtocol.start Starting ProtocolHandler ["ajp-nio-8009"]
22-Sep-2017 23:42:26.383 INFO [main] org.apache.catalina.startup.Catalina.start Server startup in 1424 ms
22-Sep-2017 23:44:59.252 INFO [main] org.apache.catalina.startup.VersionLoggerListener.log Server version:        Apache Tomcat/9.0.0.M26
22-Sep-2017 23:44:59.259 INFO [main] org.apache.catalina.startup.VersionLoggerListener.log Server built:          Aug 2 2017 20:29:05 UTC
22-Sep-2017 23:44:59.261 INFO [main] org.apache.catalina.startup.VersionLoggerListener.log Server number:         9.0.0.0
22-Sep-2017 23:44:59.261 INFO [main] org.apache.catalina.startup.VersionLoggerListener.log OS Name:               Windows 7
22-Sep-2017 23:44:59.261 INFO [main] org.apache.catalina.startup.VersionLoggerListener.log OS Version:            6.1
22-Sep-2017 23:44:59.262 INFO [main] org.apache.catalina.startup.VersionLoggerListener.log Architecture:          amd64
22-Sep-2017 23:44:59.262 INFO [main] org.apache.catalina.startup.VersionLoggerListener.log Java Home:             C:\Program Files\Java\jdk1.8.0_144\jre
22-Sep-2017 23:44:59.263 INFO [main] org.apache.catalina.startup.VersionLoggerListener.log JVM Version:           1.8.0_144-b01
22-Sep-2017 23:44:59.272 INFO [main] org.apache.catalina.startup.VersionLoggerListener.log JVM Vendor:            Oracle Corporation
22-Sep-2017 23:44:59.274 INFO [main] org.apache.catalina.startup.VersionLoggerListener.log CATALINA_BASE:         C:\Users\Admin\Desktop\MyJavaSite\apache-tomcat-9.0.0.M26
22-Sep-2017 23:44:59.274 INFO [main] org.apache.catalina.startup.VersionLoggerListener.log CATALINA_HOME:         C:\Users\Admin\Desktop\MyJavaSite\apache-tomcat-9.0.0.M26
22-Sep-2017 23:44:59.276 INFO [main] org.apache.catalina.startup.VersionLoggerListener.log Command line argument: -Djava.util.logging.config.file=C:\Users\Admin\Desktop\MyJavaSite\apache-tomcat-9.0.0.M26\conf\logging.properties
22-Sep-2017 23:44:59.277 INFO [main] org.apache.catalina.startup.VersionLoggerListener.log Command line argument: -Djava.util.logging.manager=org.apache.juli.ClassLoaderLogManager
22-Sep-2017 23:44:59.278 INFO [main] org.apache.catalina.startup.VersionLoggerListener.log Command line argument: -Djdk.tls.ephemeralDHKeySize=2048
22-Sep-2017 23:44:59.280 INFO [main] org.apache.catalina.startup.VersionLoggerListener.log Command line argument: -Djava.protocol.handler.pkgs=org.apache.catalina.webresources
22-Sep-2017 23:44:59.281 INFO [main] org.apache.catalina.startup.VersionLoggerListener.log Command line argument: -Dcatalina.base=C:\Users\Admin\Desktop\MyJavaSite\apache-tomcat-9.0.0.M26
22-Sep-2017 23:44:59.281 INFO [main] org.apache.catalina.startup.VersionLoggerListener.log Command line argument: -Dcatalina.home=C:\Users\Admin\Desktop\MyJavaSite\apache-tomcat-9.0.0.M26
22-Sep-2017 23:44:59.282 INFO [main] org.apache.catalina.startup.VersionLoggerListener.log Command line argument: -Djava.io.tmpdir=C:\Users\Admin\Desktop\MyJavaSite\apache-tomcat-9.0.0.M26\temp
22-Sep-2017 23:44:59.283 INFO [main] org.apache.catalina.core.AprLifecycleListener.lifecycleEvent The APR based Apache Tomcat Native library which allows optimal performance in production environments was not found on the java.library.path: [C:\Program Files\Java\jdk1.8.0_144\bin;C:\Windows\Sun\Java\bin;C:\Windows\system32;C:\Windows;C:\Windows\system32;C:\Windows;C:\Windows\System32\Wbem;C:\Windows\System32\WindowsPowerShell\v1.0\;C:\Program Files (x86)\Skype\Phone\;C:\Program Files\Git\cmd;C:\Program Files (x86)\Windows Kits\8.0\Windows Performance Toolkit\;C:\Program Files\Microsoft SQL Server\110\Tools\Binn\;C:\Program Files\Java\jdk1.8.0_144\bin;C:\Program Files (x86)\apache-maven-3.5.0\bin;C:\Program Files (x86)\Sudowin\Clients\Console;C:\Program Files\nodejs\;C:\Users\Admin\AppData\Roaming\npm;.]
22-Sep-2017 23:44:59.797 INFO [main] org.apache.coyote.AbstractProtocol.init Initializing ProtocolHandler ["http-nio-8080"]
22-Sep-2017 23:45:01.125 INFO [main] org.apache.tomcat.util.net.NioSelectorPool.getSharedSelector Using a shared selector for servlet write/read
22-Sep-2017 23:45:01.132 INFO [main] org.apache.coyote.AbstractProtocol.init Initializing ProtocolHandler ["ajp-nio-8009"]
22-Sep-2017 23:45:01.135 INFO [main] org.apache.tomcat.util.net.NioSelectorPool.getSharedSelector Using a shared selector for servlet write/read
22-Sep-2017 23:45:01.137 INFO [main] org.apache.catalina.startup.Catalina.load Initialization processed in 2784 ms
22-Sep-2017 23:45:01.207 INFO [main] org.apache.catalina.core.StandardService.startInternal Starting service [Catalina]
22-Sep-2017 23:45:01.208 INFO [main] org.apache.catalina.core.StandardEngine.startInternal Starting Servlet Engine: Apache Tomcat/9.0.0.M26
22-Sep-2017 23:45:01.221 INFO [main] org.apache.catalina.startup.HostConfig.deployDirectory Deploying web application directory [C:\Users\Admin\Desktop\MyJavaSite\apache-tomcat-9.0.0.M26\webapps\docs]
22-Sep-2017 23:45:02.217 INFO [main] org.apache.catalina.startup.HostConfig.deployDirectory Deployment of web application directory [C:\Users\Admin\Desktop\MyJavaSite\apache-tomcat-9.0.0.M26\webapps\docs] has finished in [995] ms
22-Sep-2017 23:45:02.219 INFO [main] org.apache.catalina.startup.HostConfig.deployDirectory Deploying web application directory [C:\Users\Admin\Desktop\MyJavaSite\apache-tomcat-9.0.0.M26\webapps\examples]
22-Sep-2017 23:45:02.918 INFO [main] org.apache.catalina.startup.HostConfig.deployDirectory Deployment of web application directory [C:\Users\Admin\Desktop\MyJavaSite\apache-tomcat-9.0.0.M26\webapps\examples] has finished in [699] ms
22-Sep-2017 23:45:02.919 INFO [main] org.apache.catalina.startup.HostConfig.deployDirectory Deploying web application directory [C:\Users\Admin\Desktop\MyJavaSite\apache-tomcat-9.0.0.M26\webapps\host-manager]
22-Sep-2017 23:45:02.995 INFO [main] org.apache.catalina.startup.HostConfig.deployDirectory Deployment of web application directory [C:\Users\Admin\Desktop\MyJavaSite\apache-tomcat-9.0.0.M26\webapps\host-manager] has finished in [75] ms
22-Sep-2017 23:45:02.996 INFO [main] org.apache.catalina.startup.HostConfig.deployDirectory Deploying web application directory [C:\Users\Admin\Desktop\MyJavaSite\apache-tomcat-9.0.0.M26\webapps\manager]
22-Sep-2017 23:45:03.091 INFO [main] org.apache.catalina.startup.HostConfig.deployDirectory Deployment of web application directory [C:\Users\Admin\Desktop\MyJavaSite\apache-tomcat-9.0.0.M26\webapps\manager] has finished in [95] ms
22-Sep-2017 23:45:03.093 INFO [main] org.apache.catalina.startup.HostConfig.deployDirectory Deploying web application directory [C:\Users\Admin\Desktop\MyJavaSite\apache-tomcat-9.0.0.M26\webapps\ROOT]
22-Sep-2017 23:45:03.133 INFO [main] org.apache.catalina.startup.HostConfig.deployDirectory Deployment of web application directory [C:\Users\Admin\Desktop\MyJavaSite\apache-tomcat-9.0.0.M26\webapps\ROOT] has finished in [40] ms
22-Sep-2017 23:45:03.138 INFO [main] org.apache.coyote.AbstractProtocol.start Starting ProtocolHandler ["http-nio-8080"]
22-Sep-2017 23:45:03.155 INFO [main] org.apache.coyote.AbstractProtocol.start Starting ProtocolHandler ["ajp-nio-8009"]
22-Sep-2017 23:45:03.160 INFO [main] org.apache.catalina.startup.Catalina.start Server startup in 2016 ms
